  Main.cpp
Main.cpp(65): warning C4244: 'initializing': conversion from 'int' to 'float', possible loss of data
Main.cpp(87): warning C4244: '=': conversion from 'int' to 'float', possible loss of data
Main.cpp(94): warning C4244: 'return': conversion from 'int' to 'float', possible loss of data
Main.cpp(101): warning C4244: 'initializing': conversion from 'int' to 'float', possible loss of data
Main.cpp(123): warning C4244: '=': conversion from 'int' to 'float', possible loss of data
Main.cpp(149): warning C4244: 'initializing': conversion from 'double' to 'float', possible loss of data
Main.cpp(159): warning C4244: 'argument': conversion from 'int' to 'float', possible loss of data
Main.cpp(193): warning C4244: 'argument': conversion from 'int' to 'float', possible loss of data
Main.cpp(196): warning C4244: 'argument': conversion from 'int' to 'float', possible loss of data
Main.cpp(247): warning C4244: 'argument': conversion from 'int' to 'float', possible loss of data
Main.cpp(312): warning C4244: 'argument': conversion from 'time_t' to 'unsigned int', possible loss of data
Main.cpp(335): warning C4305: 'argument': truncation from 'double' to 'float'
Main.cpp(339): warning C4305: 'argument': truncation from 'double' to 'float'
Main.cpp(341): warning C4305: 'argument': truncation from 'double' to 'float'
Main.cpp(369): warning C4305: 'argument': truncation from 'double' to 'float'
Main.cpp(378): warning C4305: 'argument': truncation from 'double' to 'float'
Main.cpp(392): warning C4305: 'argument': truncation from 'double' to 'float'
Main.cpp(407): warning C4305: 'argument': truncation from 'double' to 'float'
Main.cpp(431): warning C4305: 'argument': truncation from 'double' to 'float'
Main.cpp(432): warning C4305: 'argument': truncation from 'double' to 'float'
Main.cpp(482): warning C4244: 'argument': conversion from 'int' to 'float', possible loss of data
Main.cpp(490): warning C4244: 'argument': conversion from 'int' to 'float', possible loss of data
Main.cpp(492): warning C4244: 'argument': conversion from 'int' to 'float', possible loss of data
Main.cpp(511): warning C4305: '+=': truncation from 'double' to 'float'
Main.cpp(512): warning C4305: '+=': truncation from 'double' to 'float'
Main.cpp(513): warning C4305: '+=': truncation from 'double' to 'float'
Main.cpp(514): warning C4305: '+=': truncation from 'double' to 'float'
Main.cpp(531): warning C4244: 'argument': conversion from 'const float' to 'int', possible loss of data
Main.cpp(668): warning C4244: '=': conversion from 'int' to 'float', possible loss of data
Main.cpp(687): warning C4244: '=': conversion from 'int' to 'float', possible loss of data
Main.cpp(704): warning C4244: '=': conversion from 'int' to 'float', possible loss of data
Main.cpp(734): warning C4305: '+=': truncation from 'double' to 'float'
Main.cpp(766): warning C4305: '+=': truncation from 'double' to 'float'
Main.cpp(830): warning C4553: '==': operator has no effect; did you intend '='?
Main.cpp(852): warning C4553: '==': operator has no effect; did you intend '='?
Main.cpp(868): warning C4244: 'argument': conversion from 'float' to 'int', possible loss of data
Main.cpp(871): warning C4244: 'argument': conversion from 'float' to 'int', possible loss of data
Main.cpp(873): warning C4305: '+=': truncation from 'double' to 'float'
Main.cpp(896): warning C4244: 'argument': conversion from 'float' to 'int', possible loss of data
Main.cpp(931): warning C4244: 'argument': conversion from 'float' to 'int', possible loss of data
Main.cpp(947): warning C4244: 'argument': conversion from 'float' to 'int', possible loss of data
Main.cpp(959): warning C4244: 'argument': conversion from 'int' to 'float', possible loss of data
Main.cpp(995): warning C4244: 'argument': conversion from 'float' to 'int', possible loss of data
Main.cpp(1006): warning C4244: 'argument': conversion from 'float' to 'int', possible loss of data
Main.cpp(1013): warning C4244: 'argument': conversion from 'float' to 'int', possible loss of data
Main.cpp(1021): warning C4244: 'argument': conversion from 'float' to 'int', possible loss of data
Main.cpp(1065): warning C4244: 'argument': conversion from 'int' to 'float', possible loss of data
Main.cpp(1107): warning C4244: 'argument': conversion from 'float' to 'int', possible loss of data
Main.cpp(1120): warning C4244: 'argument': conversion from 'float' to 'int', possible loss of data
Main.cpp(1158): warning C4244: 'argument': conversion from 'float' to 'int', possible loss of data
Main.cpp(1163): warning C4244: 'argument': conversion from 'float' to 'int', possible loss of data
Main.cpp(1187): warning C4244: 'argument': conversion from 'float' to 'int', possible loss of data
Main.cpp(1189): warning C4305: '+=': truncation from 'double' to 'float'
Main.cpp(1219): warning C4244: 'argument': conversion from 'float' to 'int', possible loss of data
Main.cpp(1224): warning C4244: 'argument': conversion from 'float' to 'int', possible loss of data
Main.cpp(1226): warning C4305: '+=': truncation from 'double' to 'float'
Main.cpp(1265): warning C4244: 'argument': conversion from 'float' to 'int', possible loss of data
Main.cpp(1304): warning C4244: 'argument': conversion from 'float' to 'int', possible loss of data
Main.cpp(1312): warning C4244: 'argument': conversion from 'float' to 'int', possible loss of data
Main.cpp(1324): warning C4305: '+=': truncation from 'double' to 'float'
Main.cpp(1362): warning C4244: 'argument': conversion from 'float' to 'int', possible loss of data
Main.cpp(1375): warning C4244: 'argument': conversion from 'float' to 'int', possible loss of data
Main.cpp(1379): warning C4244: 'argument': conversion from 'float' to 'int', possible loss of data
Main.cpp(1421): warning C4244: 'argument': conversion from 'float' to 'int', possible loss of data
Main.cpp(1425): warning C4244: 'argument': conversion from 'float' to 'int', possible loss of data
Main.cpp(1440): warning C4244: 'argument': conversion from 'float' to 'int', possible loss of data
Main.cpp(1455): warning C4244: 'argument': conversion from 'float' to 'int', possible loss of data
Main.cpp(1470): warning C4244: 'argument': conversion from 'float' to 'int', possible loss of data
Main.cpp(1477): warning C4244: 'argument': conversion from 'float' to 'int', possible loss of data
Main.cpp(1542): warning C4244: 'argument': conversion from 'int' to 'float', possible loss of data
Main.cpp(1544): warning C4244: 'argument': conversion from 'int' to 'float', possible loss of data
Main.cpp(1554): warning C4244: 'argument': conversion from 'int' to 'float', possible loss of data
Main.cpp(1562): warning C4244: 'argument': conversion from 'int' to 'float', possible loss of data
Main.cpp(1566): warning C4244: 'argument': conversion from 'int' to 'float', possible loss of data
Main.cpp(1575): warning C4244: 'argument': conversion from 'int' to 'float', possible loss of data
Main.cpp(1579): warning C4244: 'argument': conversion from 'int' to 'float', possible loss of data
Main.cpp(1583): warning C4244: 'argument': conversion from 'int' to 'float', possible loss of data
Main.cpp(1589): warning C4244: '=': conversion from 'int' to 'float', possible loss of data
Main.cpp(1229): warning C4390: ';': empty controlled statement found; is this the intent?
Main.cpp(1327): warning C4390: ';': empty controlled statement found; is this the intent?
  Snip.cpp
  Generating code
  2 of 352 functions ( 0.6%) were compiled, the rest were copied from previous compilation.
    0 functions were new in current compilation
    1 functions had inline decision re-evaluated but remain unchanged
  Finished generating code
  SpaceShip.vcxproj -> E:\Visual Studio\Project_SFML\SpaceShip\Release\SpaceShip.exe
  SpaceShip.vcxproj -> E:\Visual Studio\Project_SFML\SpaceShip\Release\SpaceShip.pdb (Full PDB)
